0 info it worked if it ends with ok
1 verbose cli [ 'C:\\node\\\\node.exe',
1 verbose cli   'C:\\node\\node_modules\\npm\\bin\\npm-cli.js',
1 verbose cli   'install',
1 verbose cli   'express',
1 verbose cli   '--save' ]
2 info using npm@1.4.28
3 info using node@v0.10.36
4 verbose node symlink C:\node\\node.exe
5 error Failed to parse json
5 error Unexpected end of input
6 error File: C:\280\assign_4\package.json
7 error Failed to parse package.json data.
7 error package.json must be actual JSON, not just JavaScript.
7 error
7 error This is not a bug in npm.
7 error Tell the package author to fix their package.json file. JSON.parse
8 error System Windows_NT 6.2.9200
9 error command "C:\\node\\\\node.exe" "C:\\node\\node_modules\\npm\\bin\\npm-cli.js" "install" "express" "--save"
10 error cwd C:\280\assign_4
11 error node -v v0.10.36
12 error npm -v 1.4.28
13 error file C:\280\assign_4\package.json
14 error code EJSONPARSE
15 verbose exit [ 1, true ]
